<?xml version="1.0" encoding="UTF-8"?>
<testsuite name="tests.AddNewContactTests" tests="3" skipped="0" failures="0" errors="0" timestamp="2023-10-24T07:51:06" hostname="alesias-mbp" time="6.076">
  <properties/>
  <testcase name="addNewContactPositive" classname="tests.AddNewContactTests" time="3.642"/>
  <testcase name="addNewContactPositiveDTO[0](Contact(name=Koko_3069, lastName=Chanel, phone=1234563069, email=koko_3069@mail.ru, address=Paris, discription=Lady))" classname="tests.AddNewContactTests" time="1.181"/>
  <testcase name="addNewContactPositiveDTO[1](Contact(name=Koko_3069, lastName=Chanel, phone=1234563069, email=koko_3069@mail.ru, address=Paris, discription=Lady))" classname="tests.AddNewContactTests" time="1.223"/>
  <system-out><![CDATA[]]></system-out>
  <system-err><![CDATA[]]></system-err>
</testsuite>
